<?xml version="1.0" encoding="UTF-8"?>
<testsuites name="New Test Suite" time="0.766" tests="0" failures="0" errors="0">
   <testsuite name="New Test Suite" tests="0" failures="0" errors="0" time="0.766" skipped="0" timestamp="2024-08-26 23:37:59" hostname="MamathaBalaram - LAPTOP-LUN67KKK" id="Test Suites/New Test Suite">
      <properties>
         <property name="deviceName" value=""/>
         <property name="devicePlatform" value=""/>
         <property name="logFolder" value="C:\\Users\\MamathaBalaram\\git\\Aumatonwithkatalon_git_new\\Reports\\20240826_233748\\New Test Suite\\20240826_233756"/>
         <property name="logFiles" value="C:\\Users\\MamathaBalaram\\git\\Aumatonwithkatalon_git_new\\Reports\\20240826_233748\\New Test Suite\\20240826_233756\\execution0.log"/>
         <property name="attachments" value=""/>
         <property name="hostName" value="MamathaBalaram - LAPTOP-LUN67KKK"/>
         <property name="hostAddress" value="192.168.1.3"/>
         <property name="os" value="Windows 11 64bit"/>
         <property name="katalonVersion" value="8.6.8.208"/>
      </properties>
      <system-out><![CDATA[2024-08-26 23:37:59 - [TEST_SUITE][PASSED] - New Test Suite: null]]></system-out>
      <system-err><![CDATA[]]></system-err>
   </testsuite>
</testsuites>
