<?xml version="1.0" encoding="UTF-8"?>
<testsuites name="New Test Suite" time="12.558" tests="1" failures="0" errors="0">
   <testsuite name="New Test Suite" tests="1" failures="0" errors="0" time="12.558" skipped="0" timestamp="2024-08-27 01:13:43" hostname="MamathaBalaram - LAPTOP-LUN67KKK" id="Test Suites/New Test Suite">
      <properties>
         <property name="deviceName" value=""/>
         <property name="devicePlatform" value=""/>
         <property name="logFolder" value="C:\\Users\\MamathaBalaram\\git\\Aumatonwithkatalon_git_new\\Reports\\20240827_011335\\New Test Suite\\20240827_011341"/>
         <property name="logFiles" value="C:\\Users\\MamathaBalaram\\git\\Aumatonwithkatalon_git_new\\Reports\\20240827_011335\\New Test Suite\\20240827_011341\\execution0.log"/>
         <property name="attachments" value=""/>
         <property name="hostName" value="MamathaBalaram - LAPTOP-LUN67KKK"/>
         <property name="os" value="Windows 11 64bit"/>
         <property name="katalonVersion" value="8.6.8.208"/>
         <property name="browser" value="Firefox 129.0"/>
         <property name="hostAddress" value="192.168.1.3"/>
         <property name="sessionId" value="84d3054f-90a5-46e0-bbe5-1c30a92db816"/>
         <property name="seleniumVersion" value="3.141.59"/>
         <property name="proxyInformation" value="ProxyInformation { proxyOption=NO_PROXY, proxyServerType=HTTP, username=, password=********, proxyServerAddress=, proxyServerPort=0, executionList=&quot;&quot;, isApplyToDesiredCapabilities=true }"/>
         <property name="platform" value="Windows 11"/>
      </properties>
      <testcase name="Test Cases/New Test Case" time="12.317" classname="Test Cases/New Test Case" status="PASSED">
         <system-out><![CDATA[2024-08-27 01:13:43 - [TEST_CASE][PASSED] - Test Cases/New Test Case: Test Cases/New Test Case

2024-08-27 01:13:44 - [TEST_STEP][PASSED] - openBrowser(""): Browser is opened with url: ''

2024-08-27 01:13:44 - [MESSAGE][INFO] - Starting 'Firefox' driver

2024-08-27 01:13:44 - [MESSAGE][INFO] - Action delay is set to 0 milliseconds

2024-08-27 01:13:48 - [MESSAGE][PASSED] - Browser is opened with url: ''

2024-08-27 01:13:48 - [TEST_STEP][PASSED] - navigateToUrl("https://katalon-demo-cura.herokuapp.com/"): Navigate to 'https://katalon-demo-cura.herokuapp.com/' successfully

2024-08-27 01:13:51 - [MESSAGE][PASSED] - Navigate to 'https://katalon-demo-cura.herokuapp.com/' successfully

2024-08-27 01:13:51 - [TEST_STEP][PASSED] - click(findTestObject("Object Repository/Page_CURA Healthcare Service/a_Make Appointment")): Object: 'Object Repository/Page_CURA Healthcare Service/a_Make Appointment' is clicked on

2024-08-27 01:13:52 - [MESSAGE][PASSED] - Object: 'Object Repository/Page_CURA Healthcare Service/a_Make Appointment' is clicked on

2024-08-27 01:13:52 - [TEST_STEP][PASSED] - setText(findTestObject("Object Repository/Page_CURA Healthcare Service/input_Username_username"), "John Doe"): Text 'John Doe' is set on object 'Object Repository/Page_CURA Healthcare Service/input_Username_username'

2024-08-27 01:13:53 - [MESSAGE][PASSED] - Text 'John Doe' is set on object 'Object Repository/Page_CURA Healthcare Service/input_Username_username'

2024-08-27 01:13:53 - [TEST_STEP][PASSED] - setEncryptedText(findTestObject("Object Repository/Page_CURA Healthcare Service/input_Password_password"), "g3/DOGG74jC3Flrr3yH+3D/yKbOqqUNM"): Text ****** has been set on object 'Object Repository/Page_CURA Healthcare Service/input_Password_password'

2024-08-27 01:13:53 - [MESSAGE][PASSED] - Text ****** has been set on object 'Object Repository/Page_CURA Healthcare Service/input_Password_password'

2024-08-27 01:13:53 - [TEST_STEP][PASSED] - click(findTestObject("Object Repository/Page_CURA Healthcare Service/button_Login")): Object: 'Object Repository/Page_CURA Healthcare Service/button_Login' is clicked on

2024-08-27 01:13:54 - [MESSAGE][PASSED] - Object: 'Object Repository/Page_CURA Healthcare Service/button_Login' is clicked on

2024-08-27 01:13:54 - [TEST_STEP][PASSED] - click(findTestObject("Object Repository/Page_CURA Healthcare Service/i_CURA Healthcare_fa fa-bars")): Object: 'Object Repository/Page_CURA Healthcare Service/i_CURA Healthcare_fa fa-bars' is clicked on

2024-08-27 01:13:55 - [MESSAGE][PASSED] - Object: 'Object Repository/Page_CURA Healthcare Service/i_CURA Healthcare_fa fa-bars' is clicked on

2024-08-27 01:13:55 - [TEST_STEP][PASSED] - click(findTestObject("Object Repository/Page_CURA Healthcare Service/a_Logout")): Object: 'Object Repository/Page_CURA Healthcare Service/a_Logout' is clicked on

2024-08-27 01:13:56 - [MESSAGE][PASSED] - Object: 'Object Repository/Page_CURA Healthcare Service/a_Logout' is clicked on]]></system-out>
         <system-err><![CDATA[]]></system-err>
      </testcase>
      <system-out><![CDATA[2024-08-27 01:13:43 - [TEST_SUITE][PASSED] - New Test Suite: Test Cases/New Test Case]]></system-out>
      <system-err><![CDATA[]]></system-err>
   </testsuite>
</testsuites>
